[debug] [2021-06-09T09:45:52.423Z] ----------------------------------------------------------------------
[debug] [2021-06-09T09:45:52.426Z] Command:       C:\Program Files\nodejs\node.exe C:\Users\dor29\AppData\Roaming\npm\node_modules\firebase-tools\lib\bin\firebase.js init
[debug] [2021-06-09T09:45:52.426Z] CLI Version:   9.10.2
[debug] [2021-06-09T09:45:52.426Z] Platform:      win32
[debug] [2021-06-09T09:45:52.426Z] Node Version:  v14.15.1
[debug] [2021-06-09T09:45:52.430Z] Time:          Wed Jun 09 2021 12:45:52 GMT+0300 (Israel Daylight Time)
[debug] [2021-06-09T09:45:52.430Z] ----------------------------------------------------------------------
[debug] 
[debug] [2021-06-09T09:45:52.433Z] >>> [apiv2][query] GET https://firebase-public.firebaseio.com/cli.json [none]
[debug] [2021-06-09T09:45:52.460Z] > command requires scopes: ["email","openid","https://www.googleapis.com/auth/cloudplatformprojects.readonly","https://www.googleapis.com/auth/firebase","https://www.googleapis.com/auth/cloud-platform"]
[debug] [2021-06-09T09:45:52.460Z] > authorizing via signed-in user (dor29494@gmail.com)
[info] 
     ######## #### ########  ######## ########     ###     ######  ########
     ##        ##  ##     ## ##       ##     ##  ##   ##  ##       ##
     ######    ##  ########  ######   ########  #########  ######  ######
     ##        ##  ##    ##  ##       ##     ## ##     ##       ## ##
     ##       #### ##     ## ######## ########  ##     ##  ######  ########

You're about to initialize a Firebase project in this directory:

  C:\Users\dor29\Desktop\TriviaClone\ls-interview

[debug] [2021-06-09T09:45:53.161Z] <<< [apiv2][status] GET https://firebase-public.firebaseio.com/cli.json 200
[debug] [2021-06-09T09:45:53.162Z] <<< [apiv2][body] GET https://firebase-public.firebaseio.com/cli.json {"cloudBuildErrorAfter":1594252800000,"cloudBuildWarnAfter":1590019200000,"defaultNode10After":1594252800000,"minVersion":"3.0.5","node8DeploysDisabledAfter":1613390400000,"node8RuntimeDisabledAfter":1615809600000,"node8WarnAfter":1600128000000}
